/*******************************************************************************
 *   Filename:       UpdateLog.log
 *   Revised:        $Date: 2015-03-11
 *   Revision:       $
 *   Writer:
 *
 *   Description:
 *
 *   Notes:
 *
 *
 *   All copyrights reserved to WY.
 *
 *******************************************************************************/

/*******************************************************************************
* 描述： 更新日志
*/


/*******************************************************************************
* 描述：2015/03/11  V1.0   STM32F103xx_uCOSIII模版工程V1.0建立
*                                                       ・・・By Roger-WY
*/

/*******************************************************************************
* 描述：2015/05/30  V1.01   UCOS-III版本由V3.01.1升级到V3.03.01
*                           更新uCModbus代码,支持uCModbus主机代码。
*                           增加FATFS文件系统文件
*                           增加部分硬件底层代码
*                                                       ・・・By Roger-WY
*/

/*******************************************************************************
* 描述：2015/05/31  V1.02
*                           更新app.c看门狗任务改成较为精确的1S执行一次。
*                                                       ・・・By Roger-WY
*/

/*******************************************************************************
* 描述：2015/06/17  V1.03
*                           更新工程编译选项Flash换成Debug的名称。
*                                                       ・・・By Roger-WY
*/

/*******************************************************************************
* 描述：2015/06/24  V1.04
*                           更新global.h文件，增加常用宏定义。
*                           更新time.c和time.h文件。
*                                                       ・・・By Roger-WY
*/

/*******************************************************************************
* 描述：2015/09/24  V1.05
*                           增加OSAL支持，可以减少RAM的使用，可以灵活发挥UCOS实时
*                           性优势和OSAL占资源小的优势。
*                                                       ・・・By Roger-SCW
*/

/*******************************************************************************
* 描述：2015/10/20  V1.06
*                           增加Debug-RB,Debug-RC编译选项
*                           增加滤网寿命、定时开关机
*                           增加夏普2代1051支持
*                           增加FLASH参数保存
*                                                       ・・・By WUMINGSHEN
*/

/*******************************************************************************
* 描述：2015/10/20  V1.07
*                           修改时钟初始化
*                           改用内部时钟
*                           改时钟频率为32M
*                                                       ・・・By WUMINGSHEN
*/

/*******************************************************************************
* 描述：2015/10/20  V1.08
*                           增加Release-RB编译选项，上电自动锁FLASH
*                                                       ・・・By WUMINGSHEN
*/

/*******************************************************************************
* 描述：2015/10/29  V1.11
*                           增加电源测试选项“TEST-RB”
*                           便于测试
*                                                       ・・・By WUMINGSHEN
*/

/*******************************************************************************
* 描述：2016/02/15  V1.12
*                           增加电源测试选项“Release-RC”:基础程序，带BOOTLOADER
*                           增加电源测试选项“Release-RC-A”:升级程序，带BOOTLOADER
*                                                       ・・・By WUMINGSHEN
*/

/*******************************************************************************
* 描述：2016/02/18  V1.13
*                           修改密度更新条件，高位传感器压力必须大于100Pa
*                           修改密度更新条件，压力的变化不大于10Pa
*                           修改密度更新条件，两次密度测量不能大于0.01g/cm3
*                                                       ・・・By WUMINGSHEN
*/

/*******************************************************************************
* 描述：2016/02/23  V1.14
*                           修改给上位的高度值为第秒值（原为15秒滤波值，导致稳定时间过长，需要1分钟左右）
*                                                       ・・・By WUMINGSHEN
*/

/*******************************************************************************
* 描述：2016/03/14  V1.15
*                           增加IAP升级完成后超时进入应用程序
*                                                       ・・・By WUMINGSHEN
*/

/*******************************************************************************
* 描述：2016/04/18  V1.16
*                           修改disp中亮度：5->8
*                                                       ・・・By WUMINGSHEN
*/

/*******************************************************************************
* 描述：2016/08/10  V1.17
*                           修改：App_TaskCommCreate();从BSP_LED_Flash( 1, 5, 100, 50);之前
*                                 移动到App_Init();之后
*                                                       ・・・By WUMINGSHEN
*/

/*******************************************************************************
* 描述：2016/08/10  V1.17   增加
*                           增加数组长度判断
                            if( Len > sizeof(StrCommRecvData))
                                return FALSE;
                            
                            OS_CRITICAL_ENTER();
                            memcpy( (INT08U *)&Ctrl.Comm.Rd.Data, (INT08U *)&pch->RxFrameData[8], Len );
                            OS_CRITICAL_EXIT();
*                                                       ・・・By WUMINGSHEN
*/
/*******************************************************************************
 * 				end of file
 *******************************************************************************/
