/*******************************************************************************
 *   Filename:       UpdateLog.log
 *   Revised:        $Date: 2015-03-11
 *   Revision:       $
 *   Writer:
 *
 *   Description:
 *
 *   Notes:
 *
 *
 *   All copyrights reserved to WY.
 *
 *******************************************************************************/

/*******************************************************************************
* 描述： 更新日志
*/


/*******************************************************************************
* 描述：2015/03/11  V1.0   STM32F103xx_uCOSIII模版工程V1.0建立
*                                                       ・・・By Roger-WY
*/

/*******************************************************************************
* 描述：2015/05/30  V1.01   UCOS-III版本由V3.01.1升级到V3.03.01
*                           更新uCModbus代码,支持uCModbus主机代码。
*                           增加FATFS文件系统文件
*                           增加部分硬件底层代码
*                                                       ・・・By Roger-WY
*/

/*******************************************************************************
* 描述：2015/05/31  V1.02
*                           更新app.c看门狗任务改成较为精确的1S执行一次。
*                                                       ・・・By Roger-WY
*/

/*******************************************************************************
* 描述：2015/06/17  V1.03
*                           更新工程编译选项Flash换成Debug的名称。
*                                                       ・・・By Roger-WY
*/

/*******************************************************************************
* 描述：2015/06/24  V1.04
*                           更新global.h文件，增加常用宏定义。
*                           更新time.c和time.h文件。
*                                                       ・・・By Roger-WY
*/

/*******************************************************************************
* 描述：2015/09/24  V1.05
*                           增加OSAL支持，可以减少RAM的使用，可以灵活发挥UCOS实时
*                           性优势和OSAL占资源小的优势。
*                                                       ・・・By Roger-SCW
*/

/*******************************************************************************
* 描述：2015/10/20  V1.06
*                           增加Debug-RB,Debug-RC编译选项
*                           增加滤网寿命、定时开关机
*                           增加夏普2代1051支持
*                           增加FLASH参数保存
*                                                       ・・・By WUMINGSHEN
*/

/*******************************************************************************
* 描述：2015/10/20  V1.07
*                           修改时钟初始化
*                           改用内部时钟
*                           改时钟频率为32M
*                                                       ・・・By WUMINGSHEN
*/

/*******************************************************************************
* 描述：2015/10/20  V1.08
*                           增加Release-RB编译选项，上电自动锁FLASH
*                                                       ・・・By WUMINGSHEN
*/

/*******************************************************************************
* 描述：2015/10/20  V1.09
*                           调整PM2.5滤波方式，修改1代传感器斜率
*                                                       ・・・By WUMINGSHEN
*/

/*******************************************************************************
* 描述：2015/10/23  V1.10
*                           分开校准一代和二代PM2.5传感器
*                                                       ・・・By WUMINGSHEN
*/

/*******************************************************************************
* 描述：2015/10/29  V1.11
*                           增加电源测试选项“TEST-RB”，上电自动开机，PWM呼吸输出
*                           便于测试
*                                                       ・・・By WUMINGSHEN
*/

/*******************************************************************************
 * 				end of file
 *******************************************************************************/
