###############################################################################
#
# IAR ANSI C/C++ Compiler V7.40.1.8447/W32 for ARM        13/Feb/2017  13:48:08
# Copyright 1999-2015 IAR Systems AB.
#
#    Cpu mode     =  thumb
#    Endian       =  little
#    Source file  =  
#        V:\我的项目\04 长沙南车\2015年后项目\NC16-011-A 智能电表\04
#        程序\NC014-001-000.CX_01
#        智能电表\Library\Source\Micrium\uC-LIB\lib_ascii.c
#    Command line =  
#        "V:\我的项目\04 长沙南车\2015年后项目\NC16-011-A 智能电表\04
#        程序\NC014-001-000.CX_01
#        智能电表\Library\Source\Micrium\uC-LIB\lib_ascii.c" -D
#        USE_STDPERIPH_DRIVER -D STM32F10X_HD -D DEBUG -D STM32F103RB -D
#        STM32_FLASH_SIZE=128 -lCN "V:\我的项目\04
#        长沙南车\2015年后项目\NC16-011-A 智能电表\04 程序\NC014-001-000.CX_01
#        智能电表\Library\Project\IAR\Debug-RB\List\" -o "V:\我的项目\04
#        长沙南车\2015年后项目\NC16-011-A 智能电表\04 程序\NC014-001-000.CX_01
#        智能电表\Library\Project\IAR\Debug-RB\Obj\" --debug --endian=little
#        --cpu=ARM7TDMI -e --fpu=None --dlib_config "D:\Program Files (x86)\IAR
#        Systems\Embedded Workbench 7.2\arm\INC\c\DLib_Config_Normal.h" -I
#        "V:\我的项目\04 长沙南车\2015年后项目\NC16-011-A 智能电表\04
#        程序\NC014-001-000.CX_01 智能电表\Library\Project\IAR\" -I
#        "V:\我的项目\04 长沙南车\2015年后项目\NC16-011-A 智能电表\04
#        程序\NC014-001-000.CX_01
#        智能电表\Library\Project\IAR\..\..\Source\APP\" -I "V:\我的项目\04
#        长沙南车\2015年后项目\NC16-011-A 智能电表\04 程序\NC014-001-000.CX_01
#        智能电表\Library\Project\IAR\..\..\Source\APP\User\" -I
#        "V:\我的项目\04 长沙南车\2015年后项目\NC16-011-A 智能电表\04
#        程序\NC014-001-000.CX_01
#        智能电表\Library\Project\IAR\..\..\Source\APP\AES\" -I "V:\我的项目\04
#        长沙南车\2015年后项目\NC16-011-A 智能电表\04 程序\NC014-001-000.CX_01
#        智能电表\Library\Project\IAR\..\..\Source\APP\Config\" -I
#        "V:\我的项目\04 长沙南车\2015年后项目\NC16-011-A 智能电表\04
#        程序\NC014-001-000.CX_01
#        智能电表\Library\Project\IAR\..\..\Source\APP\OS\" -I "V:\我的项目\04
#        长沙南车\2015年后项目\NC16-011-A 智能电表\04 程序\NC014-001-000.CX_01
#        智能电表\Library\Project\IAR\..\..\Source\APP\User\" -I
#        "V:\我的项目\04 长沙南车\2015年后项目\NC16-011-A 智能电表\04
#        程序\NC014-001-000.CX_01
#        智能电表\Library\Project\IAR\..\..\Source\APP\SIM900A\Source\" -I
#        "V:\我的项目\04 长沙南车\2015年后项目\NC16-011-A 智能电表\04
#        程序\NC014-001-000.CX_01
#        智能电表\Library\Project\IAR\..\..\Source\APP\SIM900A\Port\" -I
#        "V:\我的项目\04 长沙南车\2015年后项目\NC16-011-A 智能电表\04
#        程序\NC014-001-000.CX_01
#        智能电表\Library\Project\IAR\..\..\Source\APP\SIM900A\OS\" -I
#        "V:\我的项目\04 长沙南车\2015年后项目\NC16-011-A 智能电表\04
#        程序\NC014-001-000.CX_01
#        智能电表\Library\Project\IAR\..\..\Source\APP\SIM900A\Config\" -I
#        "V:\我的项目\04 长沙南车\2015年后项目\NC16-011-A 智能电表\04
#        程序\NC014-001-000.CX_01
#        智能电表\Library\Project\IAR\..\..\Source\APP\Protocol\" -I
#        "V:\我的项目\04 长沙南车\2015年后项目\NC16-011-A 智能电表\04
#        程序\NC014-001-000.CX_01
#        智能电表\Library\Project\IAR\..\..\Source\BSP\" -I "V:\我的项目\04
#        长沙南车\2015年后项目\NC16-011-A 智能电表\04 程序\NC014-001-000.CX_01
#        智能电表\Library\Project\IAR\..\..\Source\BSP\Driver\" -I
#        "V:\我的项目\04 长沙南车\2015年后项目\NC16-011-A 智能电表\04
#        程序\NC014-001-000.CX_01
#        智能电表\Library\Project\IAR\..\..\Source\BSP\IAR\" -I "V:\我的项目\04
#        长沙南车\2015年后项目\NC16-011-A 智能电表\04 程序\NC014-001-000.CX_01
#        智能电表\Library\Project\IAR\..\..\Source\BSP\Os\" -I "V:\我的项目\04
#        长沙南车\2015年后项目\NC16-011-A 智能电表\04 程序\NC014-001-000.CX_01
#        智能电表\Library\Project\IAR\..\..\Source\BSP\Os\uCOS-III\" -I
#        "V:\我的项目\04 长沙南车\2015年后项目\NC16-011-A 智能电表\04
#        程序\NC014-001-000.CX_01
#        智能电表\Library\Project\IAR\..\..\Source\BSP\St\" -I "V:\我的项目\04
#        长沙南车\2015年后项目\NC16-011-A 智能电表\04 程序\NC014-001-000.CX_01
#        智能电表\Library\Project\IAR\..\..\Source\BSP\St\FWLib\CMSIS\CM3\CoreSupport\"
#        -I "V:\我的项目\04 长沙南车\2015年后项目\NC16-011-A 智能电表\04
#        程序\NC014-001-000.CX_01
#        智能电表\Library\Project\IAR\..\..\Source\BSP\St\FWLib\CMSIS\CM3\DeviceSupport\ST\STM32F10x\"
#        -I "V:\我的项目\04 长沙南车\2015年后项目\NC16-011-A 智能电表\04
#        程序\NC014-001-000.CX_01
#        智能电表\Library\Project\IAR\..\..\Source\BSP\St\FWLib\STM32F10x_StdPeriph_Driver\inc\"
#        -I "V:\我的项目\04 长沙南车\2015年后项目\NC16-011-A 智能电表\04
#        程序\NC014-001-000.CX_01
#        智能电表\Library\Project\IAR\..\..\Source\Micrium\uC-CPU\" -I
#        "V:\我的项目\04 长沙南车\2015年后项目\NC16-011-A 智能电表\04
#        程序\NC014-001-000.CX_01
#        智能电表\Library\Project\IAR\..\..\Source\Micrium\uC-CPU\ARM-Cortex-M3\IAR\"
#        -I "V:\我的项目\04 长沙南车\2015年后项目\NC16-011-A 智能电表\04
#        程序\NC014-001-000.CX_01
#        智能电表\Library\Project\IAR\..\..\Source\Micrium\uC-LIB\" -I
#        "V:\我的项目\04 长沙南车\2015年后项目\NC16-011-A 智能电表\04
#        程序\NC014-001-000.CX_01
#        智能电表\Library\Project\IAR\..\..\Source\BSP\Os\OSAL\" -I
#        "V:\我的项目\04 长沙南车\2015年后项目\NC16-011-A 智能电表\04
#        程序\NC014-001-000.CX_01
#        智能电表\Library\Project\IAR\..\..\Source\OSAL\OS\" -I "V:\我的项目\04
#        长沙南车\2015年后项目\NC16-011-A 智能电表\04 程序\NC014-001-000.CX_01
#        智能电表\Library\Project\IAR\..\..\Source\Micrium\uC-MB\" -I
#        "V:\我的项目\04 长沙南车\2015年后项目\NC16-011-A 智能电表\04
#        程序\NC014-001-000.CX_01
#        智能电表\Library\Project\IAR\..\..\Source\Micrium\uC-MB\Cfg\Template\"
#        -I "V:\我的项目\04 长沙南车\2015年后项目\NC16-011-A 智能电表\04
#        程序\NC014-001-000.CX_01
#        智能电表\Library\Project\IAR\..\..\Source\Micrium\uC-MB\OS\uCOS-III\"
#        -I "V:\我的项目\04 长沙南车\2015年后项目\NC16-011-A 智能电表\04
#        程序\NC014-001-000.CX_01
#        智能电表\Library\Project\IAR\..\..\Source\Micrium\uC-MB\Source\" -I
#        "V:\我的项目\04 长沙南车\2015年后项目\NC16-011-A 智能电表\04
#        程序\NC014-001-000.CX_01
#        智能电表\Library\Project\IAR\..\..\Source\Micrium\uC-OS-III\" -I
#        "V:\我的项目\04 长沙南车\2015年后项目\NC16-011-A 智能电表\04
#        程序\NC014-001-000.CX_01
#        智能电表\Library\Project\IAR\..\..\Source\Micrium\uC-OS-III\Ports\ARM-Cortex-M3\Generic\IAR\"
#        -I "V:\我的项目\04 长沙南车\2015年后项目\NC16-011-A 智能电表\04
#        程序\NC014-001-000.CX_01
#        智能电表\Library\Project\IAR\..\..\Source\Micrium\uC-OS-III\Source\"
#        -I "V:\我的项目\04 长沙南车\2015年后项目\NC16-011-A 智能电表\04
#        程序\NC014-001-000.CX_01
#        智能电表\Library\Project\IAR\..\..\Source\FatFs\" -I "V:\我的项目\04
#        长沙南车\2015年后项目\NC16-011-A 智能电表\04 程序\NC014-001-000.CX_01
#        智能电表\Library\Project\IAR\..\..\Source\FatFs\option\" --cpu_mode
#        thumb -Oh --use_c++_inline
#    List file    =  
#        V:\我的项目\04 长沙南车\2015年后项目\NC16-011-A 智能电表\04
#        程序\NC014-001-000.CX_01
#        智能电表\Library\Project\IAR\Debug-RB\List\lib_ascii.lst
#    Object file  =  
#        V:\我的项目\04 长沙南车\2015年后项目\NC16-011-A 智能电表\04
#        程序\NC014-001-000.CX_01
#        智能电表\Library\Project\IAR\Debug-RB\Obj\lib_ascii.o
#
###############################################################################

V:\我的项目\04 长沙南车\2015年后项目\NC16-011-A 智能电表\04 程序\NC014-001-000.CX_01 智能电表\Library\Source\Micrium\uC-LIB\lib_ascii.c
      1          /*
      2          *********************************************************************************************************
      3          *                                                uC/LIB
      4          *                                        CUSTOM LIBRARY MODULES
      5          *
      6          *                          (c) Copyright 2004-2012; Micrium, Inc.; Weston, FL
      7          *
      8          *               All rights reserved.  Protected by international copyright laws.
      9          *
     10          *               uC/LIB is provided in source form to registered licensees ONLY.  It is 
     11          *               illegal to distribute this source code to any third party unless you receive 
     12          *               written permission by an authorized Micrium representative.  Knowledge of 
     13          *               the source code may NOT be used to develop a similar product.
     14          *
     15          *               Please help us continue to provide the Embedded community with the finest 
     16          *               software available.  Your honesty is greatly appreciated.
     17          *
     18          *               You can contact us at www.micrium.com.
     19          *********************************************************************************************************
     20          */
     21          
     22          /*
     23          *********************************************************************************************************
     24          *
     25          *                                     ASCII CHARACTER OPERATIONS
     26          *
     27          * Filename      : lib_ascii.c
     28          * Version       : V1.37.01
     29          * Programmer(s) : BAN
     30          *                 ITJ
     31          *********************************************************************************************************
     32          * Note(s)       : (1) NO compiler-supplied standard library functions are used in library or product software.
     33          *
     34          *                     (a) ALL standard library functions are implemented in the custom library modules :
     35          *
     36          *                         (1) \<Custom Library Directory>\lib_*.*
     37          *
     38          *                         (2) \<Custom Library Directory>\Ports\<cpu>\<compiler>\lib*_a.*
     39          *
     40          *                               where
     41          *                                       <Custom Library Directory>      directory path for custom library software
     42          *                                       <cpu>                           directory name for specific processor (CPU)
     43          *                                       <compiler>                      directory name for specific compiler
     44          *
     45          *                     (b) Product-specific library functions are implemented in individual products.
     46          *
     47          *
     48          *                 (2) (a) ECMA-6 '7-Bit coded Character Set' (6th edition), which corresponds to the
     49          *                         3rd edition of ISO 646, specifies several versions of a 7-bit character set :
     50          *
     51          *                         (1) THE GENERAL VERSION, which allows characters at 0x23 and 0x24 to be given a
     52          *                             set alternate form and allows the characters 0x40, 0x5B, 0x5D, 0x60, 0x7B &
     53          *                             0x7D to be assigned a "unique graphic character" or to be declared as unused.
     54          *                             All other characters are explicitly specified.
     55          *
     56          *                         (2) THE INTERNATIONAL REFERENCE VERSION, which explicitly specifies all characters
     57          *                             in the 7-bit character set.
     58          *
     59          *                         (3) NATIONAL & APPLICATION-ORIENTED VERSIONS, which may be derived from the
     60          *                             standard in specified ways.
     61          *
     62          *                     (b) The character set represented in this file reproduces the Internation Reference
     63          *                         Version.  This is identical to the 7-bit character set which occupies Unicode
     64          *                         characters 0x0000 through 0x007F.  The character names are taken from v5.0 of the
     65          *                         Unicode specification, with certain abbreviations so that the resulting #define
     66          *                         names will not violate ANSI C naming restriction :
     67          *
     68          *                         (1) For the Latin capital & lowercase letters, the name components 'LETTER_CAPITAL'
     69          *                             & 'LETTER_SMALL' are replaced by 'UPPER' & 'LOWER', respectively.
     70          *********************************************************************************************************
     71          */
     72          
     73          
     74          /*
     75          *********************************************************************************************************
     76          *                                            INCLUDE FILES
     77          *********************************************************************************************************
     78          */
     79          
     80          #define    MICRIUM_SOURCE
     81          #define    LIB_ASCII_MODULE
     82          #include  <lib_ascii.h>
     83          
     84          
     85          /*$PAGE*/
     86          /*
     87          *********************************************************************************************************
     88          *                                            LOCAL DEFINES
     89          *********************************************************************************************************
     90          */
     91          
     92          
     93          /*
     94          *********************************************************************************************************
     95          *                                           LOCAL CONSTANTS
     96          *********************************************************************************************************
     97          */
     98          
     99          
    100          /*
    101          *********************************************************************************************************
    102          *                                          LOCAL DATA TYPES
    103          *********************************************************************************************************
    104          */
    105          
    106          
    107          /*
    108          *********************************************************************************************************
    109          *                                            LOCAL TABLES
    110          *********************************************************************************************************
    111          */
    112          
    113          
    114          /*
    115          *********************************************************************************************************
    116          *                                       LOCAL GLOBAL VARIABLES
    117          *********************************************************************************************************
    118          */
    119          
    120          
    121          /*
    122          *********************************************************************************************************
    123          *                                      LOCAL FUNCTION PROTOTYPES
    124          *********************************************************************************************************
    125          */
    126          
    127          
    128          /*
    129          *********************************************************************************************************
    130          *                                     LOCAL CONFIGURATION ERRORS
    131          *********************************************************************************************************
    132          */
    133          
    134          
    135          /*$PAGE*/
    136          /*
    137          *********************************************************************************************************
    138          *                                           ASCII_IsAlpha()
    139          *
    140          * Description : Determine whether a character is an alphabetic character.
    141          *
    142          * Argument(s) : c           Character to examine.
    143          *
    144          * Return(s)   : DEF_YES, if character is     an alphabetic character.
    145          *
    146          *               DEF_NO,	 if character is NOT an alphabetic character.
    147          *
    148          * Caller(s)   : Application.
    149          *
    150          * Note(s)     : (1) ISO/IEC 9899:TC2, Section 7.4.1.2.(2) states that "isalpha() returns true only for the
    151          *                   characters for which isupper() or islower() is true".
    152          *********************************************************************************************************
    153          */
    154          

   \                                 In section .text, align 2, keep-with-next
    155          CPU_BOOLEAN  ASCII_IsAlpha (CPU_CHAR  c)
    156          {
    157              CPU_BOOLEAN  alpha;
    158          
    159          
    160              alpha = ASCII_IS_ALPHA(c);
   \                     ASCII_IsAlpha: (+1)
   \   00000000   0x0001             MOVS     R1,R0
   \   00000002   0x3941             SUBS     R1,R1,#+65
   \   00000004   0x291A             CMP      R1,#+26
   \   00000006   0xD201             BCS      ??ASCII_IsAlpha_0
   \   00000008   0x2001             MOVS     R0,#+1
   \   0000000A   0x4770             BX       LR
   \                     ??ASCII_IsAlpha_0: (+1)
   \   0000000C   0x....             B.N      ?Subroutine0
    161          
    162              return (alpha);
    163          }

   \                                 In section .text, align 2, keep-with-next
   \                     ?Subroutine0: (+1)
   \   00000000   0x3861             SUBS     R0,R0,#+97
   \                     ??Subroutine0_0: (+1)
   \   00000002   0x281A             CMP      R0,#+26
   \                     ??Subroutine0_1: (+1)
   \   00000004   0x4180             SBCS     R0,R0,R0
   \   00000006   0x0FC0             LSRS     R0,R0,#+31
   \   00000008   0x4770             BX       LR               ;; return
    164          
    165          
    166          /*
    167          *********************************************************************************************************
    168          *                                         ASCII_IsAlphaNum()
    169          *
    170          * Description : Determine whether a character is an alphanumeric character.
    171          *
    172          * Argument(s) : c           Character to examine.
    173          *
    174          * Return(s)   : DEF_YES, if character is     an alphanumeric character.
    175          *
    176          *               DEF_NO,	 if character is NOT an alphanumeric character.
    177          *
    178          * Caller(s)   : Application.
    179          *
    180          * Note(s)     : (1) ISO/IEC 9899:TC2, Section 7.4.1.1.(2) states that "isalnum() ... tests for any character
    181          *                   for which isalpha() or isdigit() is true".
    182          *********************************************************************************************************
    183          */
    184          

   \                                 In section .text, align 2, keep-with-next
    185          CPU_BOOLEAN  ASCII_IsAlphaNum (CPU_CHAR  c)
    186          {
    187              CPU_BOOLEAN  alpha_num;
    188          
    189          
    190              alpha_num = ASCII_IS_ALPHA_NUM(c);
   \                     ASCII_IsAlphaNum: (+1)
   \   00000000   0x0001             MOVS     R1,R0
   \   00000002   0x3941             SUBS     R1,R1,#+65
   \   00000004   0x291A             CMP      R1,#+26
   \   00000006   0xD306             BCC      ??ASCII_IsAlphaNum_0
   \   00000008   0x0001             MOVS     R1,R0
   \   0000000A   0x3961             SUBS     R1,R1,#+97
   \   0000000C   0x291A             CMP      R1,#+26
   \   0000000E   0xD302             BCC      ??ASCII_IsAlphaNum_0
   \   00000010   0x3830             SUBS     R0,R0,#+48
   \   00000012   0x280A             CMP      R0,#+10
   \   00000014   0x....             B.N      ??Subroutine0_1
   \                     ??ASCII_IsAlphaNum_0: (+1)
   \   00000016   0x2001             MOVS     R0,#+1
    191          
    192              return (alpha_num);
   \   00000018   0x4770             BX       LR               ;; return
    193          }
    194          
    195          
    196          /*$PAGE*/
    197          /*
    198          *********************************************************************************************************
    199          *                                           ASCII_IsLower()
    200          *
    201          * Description : Determine whether a character is a lowercase alphabetic character.
    202          *
    203          * Argument(s) : c           Character to examine.
    204          *
    205          * Return(s)   : DEF_YES, if character is     a lowercase alphabetic character.
    206          *
    207          *               DEF_NO,	 if character is NOT a lowercase alphabetic character.
    208          *
    209          * Caller(s)   : Application.
    210          *
    211          * Note(s)     : (1) ISO/IEC 9899:TC2, Section 7.4.1.7.(2)  states that "islower() returns true only for
    212          *                   the lowercase letters".
    213          *********************************************************************************************************
    214          */
    215          

   \                                 In section .text, align 2, keep-with-next
    216          CPU_BOOLEAN  ASCII_IsLower (CPU_CHAR  c)
   \                     ASCII_IsLower: (+1)
   \   00000000   0x46C0             Nop      
    217          {
    218              CPU_BOOLEAN  lower;
    219          
    220          
    221              lower = ASCII_IS_LOWER(c);
   \   00000002                      REQUIRE ?Subroutine0
   \   00000002                      ;; // Fall through to label ?Subroutine0
    222          
    223              return (lower);
    224          }
    225          
    226          
    227          /*
    228          *********************************************************************************************************
    229          *                                           ASCII_IsUpper()
    230          *
    231          * Description : Determine whether a character is an uppercase alphabetic character.
    232          *
    233          * Argument(s) : c           Character to examine.
    234          *
    235          * Return(s)   : DEF_YES, if character is     an uppercase alphabetic character.
    236          *
    237          *               DEF_NO,	 if character is NOT an uppercase alphabetic character.
    238          *
    239          * Caller(s)   : Application.
    240          *
    241          * Note(s)     : (1) ISO/IEC 9899:TC2, Section 7.4.1.11.(2) states that "isupper() returns true only for
    242          *                   the uppercase letters".
    243          *********************************************************************************************************
    244          */
    245          

   \                                 In section .text, align 2, keep-with-next
    246          CPU_BOOLEAN  ASCII_IsUpper (CPU_CHAR  c)
    247          {
    248              CPU_BOOLEAN  upper;
    249          
    250          
    251              upper = ASCII_IS_UPPER(c);
   \                     ASCII_IsUpper: (+1)
   \   00000000   0x3841             SUBS     R0,R0,#+65
   \   00000002   0x....             B.N      ??Subroutine0_0
    252          
    253              return (upper);
    254          }
    255          
    256          
    257          /*$PAGE*/
    258          /*
    259          *********************************************************************************************************
    260          *                                            ASCII_IsDig()
    261          *
    262          * Description : Determine whether a character is a decimal-digit character.
    263          *
    264          * Argument(s) : c           Character to examine.
    265          *
    266          * Return(s)   : DEF_YES, if character is     a decimal-digit character.
    267          *
    268          *               DEF_NO,	 if character is NOT a decimal-digit character.
    269          *
    270          * Caller(s)   : Application.
    271          *
    272          * Note(s)     : (1) ISO/IEC 9899:TC2, Section 7.4.1.5.(2)  states that "isdigit()  ... tests for any
    273          *                   decimal-digit character".
    274          *********************************************************************************************************
    275          */
    276          

   \                                 In section .text, align 2, keep-with-next
    277          CPU_BOOLEAN  ASCII_IsDig (CPU_CHAR  c)
    278          {
    279              CPU_BOOLEAN  dig;
    280          
    281          
    282              dig = ASCII_IS_DIG(c);
   \                     ASCII_IsDig: (+1)
   \   00000000   0x3830             SUBS     R0,R0,#+48
   \   00000002   0x280A             CMP      R0,#+10
   \   00000004   0x....             B.N      ??Subroutine0_1
    283          
    284              return (dig);
    285          }
    286          
    287          
    288          /*
    289          *********************************************************************************************************
    290          *                                          ASCII_IsDigOct()
    291          *
    292          * Description : Determine whether a character is an octal-digit character.
    293          *
    294          * Argument(s) : c           Character to examine.
    295          *
    296          * Return(s)   : DEF_YES, if character is     an octal-digit character.
    297          *
    298          *               DEF_NO,	 if character is NOT an octal-digit character.
    299          *
    300          * Caller(s)   : Application.
    301          *
    302          * Note(s)     : none.
    303          *********************************************************************************************************
    304          */
    305          

   \                                 In section .text, align 2, keep-with-next
    306          CPU_BOOLEAN  ASCII_IsDigOct (CPU_CHAR  c)
    307          {
    308              CPU_BOOLEAN  dig_oct;
    309          
    310          
    311              dig_oct = ASCII_IS_DIG_OCT(c);
   \                     ASCII_IsDigOct: (+1)
   \   00000000   0x3830             SUBS     R0,R0,#+48
   \   00000002   0x2808             CMP      R0,#+8
   \   00000004   0x....             B.N      ??Subroutine0_1
    312          
    313              return (dig_oct);
    314          }
    315          
    316          
    317          /*
    318          *********************************************************************************************************
    319          *                                          ASCII_IsDigHex()
    320          *
    321          * Description : Determine whether a character is a hexadecimal-digit character.
    322          *
    323          * Argument(s) : c           Character to examine.
    324          *
    325          * Return(s)   : DEF_YES, if character is     a hexadecimal-digit character.
    326          *
    327          *               DEF_NO,	 if character is NOT a hexadecimal-digit character.
    328          *
    329          * Caller(s)   : Application.
    330          *
    331          * Note(s)     : (1) ISO/IEC 9899:TC2, Section 7.4.1.12.(2) states that "isxdigit() ... tests for any
    332          *                   hexadecimal-digit character".
    333          *********************************************************************************************************
    334          */
    335          

   \                                 In section .text, align 2, keep-with-next
    336          CPU_BOOLEAN  ASCII_IsDigHex (CPU_CHAR  c)
    337          {
    338              CPU_BOOLEAN  dig_hex;
    339          
    340          
    341              dig_hex = ASCII_IS_DIG_HEX(c);
   \                     ASCII_IsDigHex: (+1)
   \   00000000   0x0001             MOVS     R1,R0
   \   00000002   0x3930             SUBS     R1,R1,#+48
   \   00000004   0x290A             CMP      R1,#+10
   \   00000006   0xD306             BCC      ??ASCII_IsDigHex_0
   \   00000008   0x0001             MOVS     R1,R0
   \   0000000A   0x3941             SUBS     R1,R1,#+65
   \   0000000C   0x2906             CMP      R1,#+6
   \   0000000E   0xD302             BCC      ??ASCII_IsDigHex_0
   \   00000010   0x3861             SUBS     R0,R0,#+97
   \   00000012   0x2806             CMP      R0,#+6
   \   00000014   0x....             B.N      ??Subroutine0_1
   \                     ??ASCII_IsDigHex_0: (+1)
   \   00000016   0x2001             MOVS     R0,#+1
    342          
    343              return (dig_hex);
   \   00000018   0x4770             BX       LR               ;; return
    344          }
    345          
    346          
    347          /*$PAGE*/
    348          /*
    349          *********************************************************************************************************
    350          *                                           ASCII_IsBlank()
    351          *
    352          * Description : Determine whether a character is a standard blank character.
    353          *
    354          * Argument(s) : c           Character to examine.
    355          *
    356          * Return(s)   : DEF_YES, if character is     a standard blank character.
    357          *
    358          *               DEF_NO,	 if character is NOT a standard blank character.
    359          *
    360          * Caller(s)   : Application.
    361          *
    362          * Note(s)     : (1) (a) ISO/IEC 9899:TC2, Section 7.4.1.3.(2) states that "isblank() returns true only for
    363          *                       the standard blank characters".
    364          *
    365          *                   (b) ISO/IEC 9899:TC2, Section 7.4.1.3.(2) defines "the standard blank characters" as
    366          *                       the "space (' '), and horizontal tab ('\t')".
    367          *********************************************************************************************************
    368          */
    369          

   \                                 In section .text, align 2, keep-with-next
    370          CPU_BOOLEAN  ASCII_IsBlank (CPU_CHAR  c)
    371          {
    372              CPU_BOOLEAN  blank;
    373          
    374          
    375              blank = ASCII_IS_BLANK(c);
   \                     ASCII_IsBlank: (+1)
   \   00000000   0x2820             CMP      R0,#+32
   \   00000002   0xD001             BEQ      ??ASCII_IsBlank_0
   \   00000004   0x2809             CMP      R0,#+9
   \   00000006   0xD101             BNE      ??ASCII_IsBlank_1
   \                     ??ASCII_IsBlank_0: (+1)
   \   00000008   0x2001             MOVS     R0,#+1
   \   0000000A   0x4770             BX       LR
   \                     ??ASCII_IsBlank_1: (+1)
   \   0000000C   0x2000             MOVS     R0,#+0
    376          
    377              return (blank);
   \   0000000E   0x4770             BX       LR               ;; return
    378          }
    379          
    380          
    381          /*
    382          *********************************************************************************************************
    383          *                                           ASCII_IsSpace()
    384          *
    385          * Description : Determine whether a character is a white-space character.
    386          *
    387          * Argument(s) : c           Character to examine.
    388          *
    389          * Return(s)   : DEF_YES, if character is     a white-space character.
    390          *
    391          *               DEF_NO,	 if character is NOT a white-space character.
    392          *
    393          * Caller(s)   : Application.
    394          *
    395          * Note(s)     : (1) (a) ISO/IEC 9899:TC2, Section 7.4.1.10.(2) states that "isspace() returns true only
    396          *                       for the standard white-space characters".
    397          *
    398          *                   (b) ISO/IEC 9899:TC2, Section 7.4.1.10.(2) defines "the standard white-space characters"
    399          *                       as the "space (' '), form feed ('\f'), new-line ('\n'), carriage return ('\r'),
    400          *                       horizontal tab ('\t'), and vertical tab ('\v')".
    401          *********************************************************************************************************
    402          */
    403          

   \                                 In section .text, align 2, keep-with-next
    404          CPU_BOOLEAN  ASCII_IsSpace (CPU_CHAR  c)
    405          {
    406              CPU_BOOLEAN  space;
    407          
    408          
    409              space = ASCII_IS_SPACE(c);
   \                     ASCII_IsSpace: (+1)
   \   00000000   0x2820             CMP      R0,#+32
   \   00000002   0xD009             BEQ      ??ASCII_IsSpace_0
   \   00000004   0x280D             CMP      R0,#+13
   \   00000006   0xD007             BEQ      ??ASCII_IsSpace_0
   \   00000008   0x280A             CMP      R0,#+10
   \   0000000A   0xD005             BEQ      ??ASCII_IsSpace_0
   \   0000000C   0x280C             CMP      R0,#+12
   \   0000000E   0xD003             BEQ      ??ASCII_IsSpace_0
   \   00000010   0x2809             CMP      R0,#+9
   \   00000012   0xD001             BEQ      ??ASCII_IsSpace_0
   \   00000014   0x280B             CMP      R0,#+11
   \   00000016   0xD101             BNE      ??ASCII_IsSpace_1
   \                     ??ASCII_IsSpace_0: (+1)
   \   00000018   0x2001             MOVS     R0,#+1
   \   0000001A   0x4770             BX       LR
   \                     ??ASCII_IsSpace_1: (+1)
   \   0000001C   0x2000             MOVS     R0,#+0
    410          
    411              return (space);
   \   0000001E   0x4770             BX       LR               ;; return
    412          }
    413          
    414          
    415          /*$PAGE*/
    416          /*
    417          *********************************************************************************************************
    418          *                                           ASCII_IsPrint()
    419          *
    420          * Description : Determine whether a character is a printing character.
    421          *
    422          * Argument(s) : c           Character to examine.
    423          *
    424          * Return(s)   : DEF_YES, if character is     a printing character.
    425          *
    426          *               DEF_NO,	 if character is NOT a printing character.
    427          *
    428          * Caller(s)   : Application.
    429          *
    430          * Note(s)     : (1) (a) ISO/IEC 9899:TC2, Section 7.4.1.8.(2) states that "isprint() ... tests for any
    431          *                       printing character including space (' ')".
    432          *
    433          *                   (b) ISO/IEC 9899:TC2, Section 7.4.(3), Note 169, states that in "the seven-bit US
    434          *                       ASCII character set, the printing characters are those whose values lie from
    435          *                       0x20 (space) through 0x7E (tilde)".
    436          *********************************************************************************************************
    437          */
    438          

   \                                 In section .text, align 2, keep-with-next
    439          CPU_BOOLEAN  ASCII_IsPrint (CPU_CHAR  c)
    440          {
    441              CPU_BOOLEAN  print;
    442          
    443          
    444              print = ASCII_IS_PRINT(c);
   \                     ASCII_IsPrint: (+1)
   \   00000000   0x3820             SUBS     R0,R0,#+32
   \   00000002   0x285F             CMP      R0,#+95
   \   00000004   0x....             B.N      ??Subroutine0_1
    445          
    446              return (print);
    447          }
    448          
    449          
    450          /*
    451          *********************************************************************************************************
    452          *                                           ASCII_IsGraph()
    453          *
    454          * Description : Determine whether a character is any printing character except a space character.
    455          *
    456          * Argument(s) : c           Character to examine.
    457          *
    458          * Return(s)   : DEF_YES, if character is     a graphic character.
    459          *
    460          *               DEF_NO,	 if character is NOT a graphic character.
    461          *
    462          * Caller(s)   : Application.
    463          *
    464          * Note(s)     : (1) (a) ISO/IEC 9899:TC2, Section 7.4.1.6.(2) states that "isgraph() ... tests for any
    465          *                       printing character except space (' ')".
    466          *
    467          *                   (b) ISO/IEC 9899:TC2, Section 7.4.(3), Note 169, states that in "the seven-bit US
    468          *                       ASCII character set, the printing characters are those whose values lie from
    469          *                       0x20 (space) through 0x7E (tilde)".
    470          *********************************************************************************************************
    471          */
    472          

   \                                 In section .text, align 2, keep-with-next
    473          CPU_BOOLEAN  ASCII_IsGraph (CPU_CHAR  c)
    474          {
    475              CPU_BOOLEAN  graph;
    476          
    477          
    478              graph = ASCII_IS_GRAPH(c);
   \                     ASCII_IsGraph: (+1)
   \   00000000   0x3821             SUBS     R0,R0,#+33
   \   00000002   0x285E             CMP      R0,#+94
   \   00000004   0x....             B.N      ??Subroutine0_1
    479          
    480              return (graph);
    481          }
    482          
    483          
    484          /*$PAGE*/
    485          /*
    486          *********************************************************************************************************
    487          *                                           ASCII_IsPunct()
    488          *
    489          * Description : Determine whether a character is a punctuation character.
    490          *
    491          * Argument(s) : c           Character to examine.
    492          *
    493          * Return(s)   : DEF_YES, if character is     a punctuation character.
    494          *
    495          *               DEF_NO,	 if character is NOT a punctuation character.
    496          *
    497          * Caller(s)   : Application.
    498          *
    499          * Note(s)     : (1) ISO/IEC 9899:TC2, Section 7.4.1.9.(2) states that "ispunct() returns true for every
    500          *                   printing character for which neither isspace() nor isalnum() is true".
    501          *********************************************************************************************************
    502          */
    503          

   \                                 In section .text, align 2, keep-with-next
    504          CPU_BOOLEAN  ASCII_IsPunct (CPU_CHAR  c)
    505          {
    506              CPU_BOOLEAN  punct;
    507          
    508          
    509              punct = ASCII_IS_PUNCT(c);
   \                     ASCII_IsPunct: (+1)
   \   00000000   0x0001             MOVS     R1,R0
   \   00000002   0x000A             MOVS     R2,R1
   \   00000004   0x3A20             SUBS     R2,R2,#+32
   \   00000006   0x2A5F             CMP      R2,#+95
   \   00000008   0xD21B             BCS      ??ASCII_IsPunct_0
   \   0000000A   0x2820             CMP      R0,#+32
   \   0000000C   0xD019             BEQ      ??ASCII_IsPunct_0
   \   0000000E   0x280D             CMP      R0,#+13
   \   00000010   0xD017             BEQ      ??ASCII_IsPunct_0
   \   00000012   0x280A             CMP      R0,#+10
   \   00000014   0xD015             BEQ      ??ASCII_IsPunct_0
   \   00000016   0x280C             CMP      R0,#+12
   \   00000018   0xD013             BEQ      ??ASCII_IsPunct_0
   \   0000001A   0x2809             CMP      R0,#+9
   \   0000001C   0xD011             BEQ      ??ASCII_IsPunct_0
   \   0000001E   0x280B             CMP      R0,#+11
   \   00000020   0xD00F             BEQ      ??ASCII_IsPunct_0
   \   00000022   0x3841             SUBS     R0,R0,#+65
   \   00000024   0x281A             CMP      R0,#+26
   \   00000026   0xD308             BCC      ??ASCII_IsPunct_1
   \   00000028   0x0008             MOVS     R0,R1
   \   0000002A   0x3861             SUBS     R0,R0,#+97
   \   0000002C   0x281A             CMP      R0,#+26
   \   0000002E   0xD304             BCC      ??ASCII_IsPunct_1
   \   00000030   0x3930             SUBS     R1,R1,#+48
   \   00000032   0x290A             CMP      R1,#+10
   \   00000034   0x4189             SBCS     R1,R1,R1
   \   00000036   0x0FC9             LSRS     R1,R1,#+31
   \   00000038   0xE000             B        ??ASCII_IsPunct_2
   \                     ??ASCII_IsPunct_1: (+1)
   \   0000003A   0x2101             MOVS     R1,#+1
   \                     ??ASCII_IsPunct_2: (+1)
   \   0000003C   0x2001             MOVS     R0,#+1
   \   0000003E   0x4048             EORS     R0,R0,R1
   \   00000040   0x4770             BX       LR
   \                     ??ASCII_IsPunct_0: (+1)
   \   00000042   0x2000             MOVS     R0,#+0
    510          
    511              return (punct);
   \   00000044   0x4770             BX       LR               ;; return
    512          }
    513          
    514          
    515          /*
    516          *********************************************************************************************************
    517          *                                           ASCII_IsCtrl()
    518          *
    519          * Description : Determine whether a character is a control character.
    520          *
    521          * Argument(s) : c           Character to examine.
    522          *
    523          * Return(s)   : DEF_YES, if character is     a control character.
    524          *
    525          *               DEF_NO,	 if character is NOT a control character.
    526          *
    527          * Caller(s)   : Application.
    528          *
    529          * Note(s)     : (1) (a) ISO/IEC 9899:TC2, Section 7.4.1.4.(2) states that "iscntrl() ... tests for any
    530          *                       control character".
    531          *
    532          *                   (b) ISO/IEC 9899:TC2, Section 7.4.(3), Note 169, states that in "the seven-bit US
    533          *                       ASCII character set, ... the control characters are those whose values lie from
    534          *                       0 (NUL) through 0x1F (US), and the character 0x7F (DEL)".
    535          *********************************************************************************************************
    536          */
    537          

   \                                 In section .text, align 2, keep-with-next
    538          CPU_BOOLEAN  ASCII_IsCtrl (CPU_CHAR  c)
    539          {
    540              CPU_BOOLEAN  ctrl;
    541          
    542          
    543              ctrl = ASCII_IS_CTRL(c);
   \                     ASCII_IsCtrl: (+1)
   \   00000000   0x0001             MOVS     R1,R0
   \   00000002   0x0600             LSLS     R0,R0,#+24
   \   00000004   0xD401             BMI      ??ASCII_IsCtrl_0
   \   00000006   0x2920             CMP      R1,#+32
   \   00000008   0xDB01             BLT      ??ASCII_IsCtrl_1
   \                     ??ASCII_IsCtrl_0: (+1)
   \   0000000A   0x297F             CMP      R1,#+127
   \   0000000C   0xD101             BNE      ??ASCII_IsCtrl_2
   \                     ??ASCII_IsCtrl_1: (+1)
   \   0000000E   0x2001             MOVS     R0,#+1
   \   00000010   0x4770             BX       LR
   \                     ??ASCII_IsCtrl_2: (+1)
   \   00000012   0x2000             MOVS     R0,#+0
    544          
    545              return (ctrl);
   \   00000014   0x4770             BX       LR               ;; return
    546          }
    547          
    548          
    549          /*$PAGE*/
    550          /*
    551          *********************************************************************************************************
    552          *                                           ASCII_ToLower()
    553          *
    554          * Description : Convert uppercase alphabetic character to its corresponding lowercase alphabetic character.
    555          *
    556          * Argument(s) : c           Character to convert.
    557          *
    558          * Return(s)   : Lowercase equivalent of 'c', if character 'c' is an uppercase character (see Note #1b1).
    559          *
    560          *               Character 'c',               otherwise                                  (see Note #1b2).
    561          *
    562          * Caller(s)   : Application.
    563          *
    564          * Note(s)     : (1) (a) ISO/IEC 9899:TC2, Section 7.4.2.1.(2) states that "tolower() ... converts an
    565          *                       uppercase letter to a corresponding lowercase letter".
    566          *
    567          *                   (b) ISO/IEC 9899:TC2, Section 7.4.2.1.(3) states that :
    568          *
    569          *                       (1) (A) "if the argument is a character for which isupper() is true and there are
    570          *                                one or more corresponding characters ... for which islower() is true," ...
    571          *                           (B) "tolower() ... returns one of the corresponding characters;" ...
    572          *
    573          *                       (2) "otherwise, the argument is returned unchanged."
    574          *********************************************************************************************************
    575          */
    576          

   \                                 In section .text, align 2, keep-with-next
    577          CPU_CHAR  ASCII_ToLower (CPU_CHAR  c)
    578          {
    579              CPU_CHAR  lower;
    580          
    581          
    582              lower = ASCII_TO_LOWER(c);
   \                     ASCII_ToLower: (+1)
   \   00000000   0x0001             MOVS     R1,R0
   \   00000002   0x3941             SUBS     R1,R1,#+65
   \   00000004   0x291A             CMP      R1,#+26
   \   00000006   0xD200             BCS      ??ASCII_ToLower_0
   \   00000008   0x3020             ADDS     R0,R0,#+32
    583          
    584              return (lower);
   \                     ??ASCII_ToLower_0: (+1)
   \   0000000A   0x0600             LSLS     R0,R0,#+24
   \   0000000C   0x0E00             LSRS     R0,R0,#+24
   \   0000000E   0x4770             BX       LR               ;; return
    585          }
    586          
    587          
    588          /*
    589          *********************************************************************************************************
    590          *                                           ASCII_ToUpper()
    591          *
    592          * Description : Convert lowercase alphabetic character to its corresponding uppercase alphabetic character.
    593          *
    594          * Argument(s) : c           Character to convert.
    595          *
    596          * Return(s)   : Uppercase equivalent of 'c', if character 'c' is a lowercase character (see Note #1b1).
    597          *
    598          *               Character 'c',               otherwise                                 (see Note #1b2).
    599          *
    600          * Caller(s)   : Application.
    601          *
    602          * Note(s)     : (1) (a) ISO/IEC 9899:TC2, Section 7.4.2.2.(2) states that "toupper() ... converts a
    603          *                       lowercase letter to a corresponding uppercase letter".
    604          *
    605          *                   (b) ISO/IEC 9899:TC2, Section 7.4.2.2.(3) states that :
    606          *
    607          *                       (1) (A) "if the argument is a character for which islower() is true and there are
    608          *                                one or more corresponding characters ... for which isupper() is true," ...
    609          *                           (B) "toupper() ... returns one of the corresponding characters;" ...
    610          *
    611          *                       (2) "otherwise, the argument is returned unchanged."
    612          *********************************************************************************************************
    613          */
    614          

   \                                 In section .text, align 2, keep-with-next
    615          CPU_CHAR  ASCII_ToUpper (CPU_CHAR  c)
    616          {
    617              CPU_CHAR  upper;
    618          
    619          
    620              upper = ASCII_TO_UPPER(c);
   \                     ASCII_ToUpper: (+1)
   \   00000000   0x0001             MOVS     R1,R0
   \   00000002   0x3961             SUBS     R1,R1,#+97
   \   00000004   0x291A             CMP      R1,#+26
   \   00000006   0xD200             BCS      ??ASCII_ToUpper_0
   \   00000008   0x3820             SUBS     R0,R0,#+32
    621          
    622              return (upper);
   \                     ??ASCII_ToUpper_0: (+1)
   \   0000000A   0x0600             LSLS     R0,R0,#+24
   \   0000000C   0x0E00             LSRS     R0,R0,#+24
   \   0000000E   0x4770             BX       LR               ;; return
    623          }
    624          
    625          
    626          /*$PAGE*/
    627          /*
    628          *********************************************************************************************************
    629          *                                             ASCII_Cmp()
    630          *
    631          * Description : Determine if two characters are identical (case-insensitive).
    632          *
    633          * Argument(s) : c1          First  character.
    634          *
    635          *               c2          Second character.
    636          *
    637          * Return(s)   : DEF_YES, if the characters are     identical.
    638          *
    639          *               DEF_NO,  if the characters are NOT identical.
    640          *
    641          * Caller(s)   : Application.
    642          *
    643          * Note(s)     : none.
    644          *********************************************************************************************************
    645          */
    646          

   \                                 In section .text, align 2, keep-with-next
    647          CPU_BOOLEAN  ASCII_Cmp (CPU_CHAR  c1,
    648                                  CPU_CHAR  c2)
    649          {
    650              CPU_CHAR     c1_upper;
    651              CPU_CHAR     c2_upper;
    652              CPU_BOOLEAN  cmp;
    653          
    654          
    655              c1_upper =  ASCII_ToUpper(c1);
   \                     ASCII_Cmp: (+1)
   \   00000000   0x0002             MOVS     R2,R0
   \   00000002   0x3A61             SUBS     R2,R2,#+97
   \   00000004   0x2A1A             CMP      R2,#+26
   \   00000006   0xD200             BCS      ??ASCII_Cmp_0
   \   00000008   0x3820             SUBS     R0,R0,#+32
    656              c2_upper =  ASCII_ToUpper(c2);
   \                     ??ASCII_Cmp_0: (+1)
   \   0000000A   0x000A             MOVS     R2,R1
   \   0000000C   0x3A61             SUBS     R2,R2,#+97
   \   0000000E   0x2A1A             CMP      R2,#+26
   \   00000010   0xD200             BCS      ??ASCII_Cmp_1
   \   00000012   0x3920             SUBS     R1,R1,#+32
    657              cmp      = (c1_upper == c2_upper) ? (DEF_YES) : (DEF_NO);
   \                     ??ASCII_Cmp_1: (+1)
   \   00000014   0x0600             LSLS     R0,R0,#+24
   \   00000016   0x0E00             LSRS     R0,R0,#+24
   \   00000018   0x0609             LSLS     R1,R1,#+24
   \   0000001A   0x0E09             LSRS     R1,R1,#+24
   \   0000001C   0x4288             CMP      R0,R1
   \   0000001E   0xD101             BNE      ??ASCII_Cmp_2
   \   00000020   0x2001             MOVS     R0,#+1
   \   00000022   0x4770             BX       LR
   \                     ??ASCII_Cmp_2: (+1)
   \   00000024   0x2000             MOVS     R0,#+0
    658          
    659              return (cmp);
   \   00000026   0x4770             BX       LR               ;; return
    660          }
    661          

   Maximum stack usage in bytes:

   .cstack Function
   ------- --------
       0   ASCII_Cmp
       0   ASCII_IsAlpha
       0   ASCII_IsAlphaNum
       0   ASCII_IsBlank
       0   ASCII_IsCtrl
       0   ASCII_IsDig
       0   ASCII_IsDigHex
       0   ASCII_IsDigOct
       0   ASCII_IsGraph
       0   ASCII_IsLower
       0   ASCII_IsPrint
       0   ASCII_IsPunct
       0   ASCII_IsSpace
       0   ASCII_IsUpper
       0   ASCII_ToLower
       0   ASCII_ToUpper


   Section sizes:

   Bytes  Function/Label
   -----  --------------
      10  ?Subroutine0
      40  ASCII_Cmp
      14  ASCII_IsAlpha
      26  ASCII_IsAlphaNum
      16  ASCII_IsBlank
      22  ASCII_IsCtrl
       6  ASCII_IsDig
      26  ASCII_IsDigHex
       6  ASCII_IsDigOct
       6  ASCII_IsGraph
       2  ASCII_IsLower
       6  ASCII_IsPrint
      70  ASCII_IsPunct
      32  ASCII_IsSpace
       4  ASCII_IsUpper
      16  ASCII_ToLower
      16  ASCII_ToUpper

 
 318 bytes in section .text
 
 318 bytes of CODE memory

Errors: none
Warnings: none
