###############################################################################
#
# IAR ANSI C/C++ Compiler V7.40.1.8447/W32 for ARM        13/Feb/2017  13:48:18
# Copyright 1999-2015 IAR Systems AB.
#
#    Cpu mode     =  thumb
#    Endian       =  little
#    Source file  =  
#        V:\我的项目\04 长沙南车\2015年后项目\NC16-011-A 智能电表\04
#        程序\NC014-001-000.CX_01 智能电表\Library\Source\BSP\Driver\ST_ICON.c
#    Command line =  
#        "V:\我的项目\04 长沙南车\2015年后项目\NC16-011-A 智能电表\04
#        程序\NC014-001-000.CX_01 智能电表\Library\Source\BSP\Driver\ST_ICON.c"
#        -D USE_STDPERIPH_DRIVER -D STM32F10X_HD -D DEBUG -D STM32F103RB -D
#        STM32_FLASH_SIZE=128 -lCN "V:\我的项目\04
#        长沙南车\2015年后项目\NC16-011-A 智能电表\04 程序\NC014-001-000.CX_01
#        智能电表\Library\Project\IAR\Debug-RB\List\" -o "V:\我的项目\04
#        长沙南车\2015年后项目\NC16-011-A 智能电表\04 程序\NC014-001-000.CX_01
#        智能电表\Library\Project\IAR\Debug-RB\Obj\" --debug --endian=little
#        --cpu=ARM7TDMI -e --fpu=None --dlib_config "D:\Program Files (x86)\IAR
#        Systems\Embedded Workbench 7.2\arm\INC\c\DLib_Config_Normal.h" -I
#        "V:\我的项目\04 长沙南车\2015年后项目\NC16-011-A 智能电表\04
#        程序\NC014-001-000.CX_01 智能电表\Library\Project\IAR\" -I
#        "V:\我的项目\04 长沙南车\2015年后项目\NC16-011-A 智能电表\04
#        程序\NC014-001-000.CX_01
#        智能电表\Library\Project\IAR\..\..\Source\APP\" -I "V:\我的项目\04
#        长沙南车\2015年后项目\NC16-011-A 智能电表\04 程序\NC014-001-000.CX_01
#        智能电表\Library\Project\IAR\..\..\Source\APP\User\" -I
#        "V:\我的项目\04 长沙南车\2015年后项目\NC16-011-A 智能电表\04
#        程序\NC014-001-000.CX_01
#        智能电表\Library\Project\IAR\..\..\Source\APP\AES\" -I "V:\我的项目\04
#        长沙南车\2015年后项目\NC16-011-A 智能电表\04 程序\NC014-001-000.CX_01
#        智能电表\Library\Project\IAR\..\..\Source\APP\Config\" -I
#        "V:\我的项目\04 长沙南车\2015年后项目\NC16-011-A 智能电表\04
#        程序\NC014-001-000.CX_01
#        智能电表\Library\Project\IAR\..\..\Source\APP\OS\" -I "V:\我的项目\04
#        长沙南车\2015年后项目\NC16-011-A 智能电表\04 程序\NC014-001-000.CX_01
#        智能电表\Library\Project\IAR\..\..\Source\APP\User\" -I
#        "V:\我的项目\04 长沙南车\2015年后项目\NC16-011-A 智能电表\04
#        程序\NC014-001-000.CX_01
#        智能电表\Library\Project\IAR\..\..\Source\APP\SIM900A\Source\" -I
#        "V:\我的项目\04 长沙南车\2015年后项目\NC16-011-A 智能电表\04
#        程序\NC014-001-000.CX_01
#        智能电表\Library\Project\IAR\..\..\Source\APP\SIM900A\Port\" -I
#        "V:\我的项目\04 长沙南车\2015年后项目\NC16-011-A 智能电表\04
#        程序\NC014-001-000.CX_01
#        智能电表\Library\Project\IAR\..\..\Source\APP\SIM900A\OS\" -I
#        "V:\我的项目\04 长沙南车\2015年后项目\NC16-011-A 智能电表\04
#        程序\NC014-001-000.CX_01
#        智能电表\Library\Project\IAR\..\..\Source\APP\SIM900A\Config\" -I
#        "V:\我的项目\04 长沙南车\2015年后项目\NC16-011-A 智能电表\04
#        程序\NC014-001-000.CX_01
#        智能电表\Library\Project\IAR\..\..\Source\APP\Protocol\" -I
#        "V:\我的项目\04 长沙南车\2015年后项目\NC16-011-A 智能电表\04
#        程序\NC014-001-000.CX_01
#        智能电表\Library\Project\IAR\..\..\Source\BSP\" -I "V:\我的项目\04
#        长沙南车\2015年后项目\NC16-011-A 智能电表\04 程序\NC014-001-000.CX_01
#        智能电表\Library\Project\IAR\..\..\Source\BSP\Driver\" -I
#        "V:\我的项目\04 长沙南车\2015年后项目\NC16-011-A 智能电表\04
#        程序\NC014-001-000.CX_01
#        智能电表\Library\Project\IAR\..\..\Source\BSP\IAR\" -I "V:\我的项目\04
#        长沙南车\2015年后项目\NC16-011-A 智能电表\04 程序\NC014-001-000.CX_01
#        智能电表\Library\Project\IAR\..\..\Source\BSP\Os\" -I "V:\我的项目\04
#        长沙南车\2015年后项目\NC16-011-A 智能电表\04 程序\NC014-001-000.CX_01
#        智能电表\Library\Project\IAR\..\..\Source\BSP\Os\uCOS-III\" -I
#        "V:\我的项目\04 长沙南车\2015年后项目\NC16-011-A 智能电表\04
#        程序\NC014-001-000.CX_01
#        智能电表\Library\Project\IAR\..\..\Source\BSP\St\" -I "V:\我的项目\04
#        长沙南车\2015年后项目\NC16-011-A 智能电表\04 程序\NC014-001-000.CX_01
#        智能电表\Library\Project\IAR\..\..\Source\BSP\St\FWLib\CMSIS\CM3\CoreSupport\"
#        -I "V:\我的项目\04 长沙南车\2015年后项目\NC16-011-A 智能电表\04
#        程序\NC014-001-000.CX_01
#        智能电表\Library\Project\IAR\..\..\Source\BSP\St\FWLib\CMSIS\CM3\DeviceSupport\ST\STM32F10x\"
#        -I "V:\我的项目\04 长沙南车\2015年后项目\NC16-011-A 智能电表\04
#        程序\NC014-001-000.CX_01
#        智能电表\Library\Project\IAR\..\..\Source\BSP\St\FWLib\STM32F10x_StdPeriph_Driver\inc\"
#        -I "V:\我的项目\04 长沙南车\2015年后项目\NC16-011-A 智能电表\04
#        程序\NC014-001-000.CX_01
#        智能电表\Library\Project\IAR\..\..\Source\Micrium\uC-CPU\" -I
#        "V:\我的项目\04 长沙南车\2015年后项目\NC16-011-A 智能电表\04
#        程序\NC014-001-000.CX_01
#        智能电表\Library\Project\IAR\..\..\Source\Micrium\uC-CPU\ARM-Cortex-M3\IAR\"
#        -I "V:\我的项目\04 长沙南车\2015年后项目\NC16-011-A 智能电表\04
#        程序\NC014-001-000.CX_01
#        智能电表\Library\Project\IAR\..\..\Source\Micrium\uC-LIB\" -I
#        "V:\我的项目\04 长沙南车\2015年后项目\NC16-011-A 智能电表\04
#        程序\NC014-001-000.CX_01
#        智能电表\Library\Project\IAR\..\..\Source\BSP\Os\OSAL\" -I
#        "V:\我的项目\04 长沙南车\2015年后项目\NC16-011-A 智能电表\04
#        程序\NC014-001-000.CX_01
#        智能电表\Library\Project\IAR\..\..\Source\OSAL\OS\" -I "V:\我的项目\04
#        长沙南车\2015年后项目\NC16-011-A 智能电表\04 程序\NC014-001-000.CX_01
#        智能电表\Library\Project\IAR\..\..\Source\Micrium\uC-MB\" -I
#        "V:\我的项目\04 长沙南车\2015年后项目\NC16-011-A 智能电表\04
#        程序\NC014-001-000.CX_01
#        智能电表\Library\Project\IAR\..\..\Source\Micrium\uC-MB\Cfg\Template\"
#        -I "V:\我的项目\04 长沙南车\2015年后项目\NC16-011-A 智能电表\04
#        程序\NC014-001-000.CX_01
#        智能电表\Library\Project\IAR\..\..\Source\Micrium\uC-MB\OS\uCOS-III\"
#        -I "V:\我的项目\04 长沙南车\2015年后项目\NC16-011-A 智能电表\04
#        程序\NC014-001-000.CX_01
#        智能电表\Library\Project\IAR\..\..\Source\Micrium\uC-MB\Source\" -I
#        "V:\我的项目\04 长沙南车\2015年后项目\NC16-011-A 智能电表\04
#        程序\NC014-001-000.CX_01
#        智能电表\Library\Project\IAR\..\..\Source\Micrium\uC-OS-III\" -I
#        "V:\我的项目\04 长沙南车\2015年后项目\NC16-011-A 智能电表\04
#        程序\NC014-001-000.CX_01
#        智能电表\Library\Project\IAR\..\..\Source\Micrium\uC-OS-III\Ports\ARM-Cortex-M3\Generic\IAR\"
#        -I "V:\我的项目\04 长沙南车\2015年后项目\NC16-011-A 智能电表\04
#        程序\NC014-001-000.CX_01
#        智能电表\Library\Project\IAR\..\..\Source\Micrium\uC-OS-III\Source\"
#        -I "V:\我的项目\04 长沙南车\2015年后项目\NC16-011-A 智能电表\04
#        程序\NC014-001-000.CX_01
#        智能电表\Library\Project\IAR\..\..\Source\FatFs\" -I "V:\我的项目\04
#        长沙南车\2015年后项目\NC16-011-A 智能电表\04 程序\NC014-001-000.CX_01
#        智能电表\Library\Project\IAR\..\..\Source\FatFs\option\" --cpu_mode
#        thumb -Oh --use_c++_inline
#    List file    =  
#        V:\我的项目\04 长沙南车\2015年后项目\NC16-011-A 智能电表\04
#        程序\NC014-001-000.CX_01
#        智能电表\Library\Project\IAR\Debug-RB\List\ST_ICON.lst
#    Object file  =  
#        V:\我的项目\04 长沙南车\2015年后项目\NC16-011-A 智能电表\04
#        程序\NC014-001-000.CX_01
#        智能电表\Library\Project\IAR\Debug-RB\Obj\ST_ICON.o
#
###############################################################################

V:\我的项目\04 长沙南车\2015年后项目\NC16-011-A 智能电表\04 程序\NC014-001-000.CX_01 智能电表\Library\Source\BSP\Driver\ST_ICON.c
      1          /******************** (C) COPYRIGHT 2013 www.armjishu.com  ********************
      2           * 文件名  ：ST_ICON.c
      3           * 描述    ：ST的LOGO灰度二值图片数据库。
      4           * 实验平台：STM32神舟开发板
      5           * 标准库  ：STM32F10x_StdPeriph_Driver V3.5.0
      6           * 作者    ：www.armjishu.com 
      7          *******************************************************************************/
      8          /*
      9          Image2Lcd保存的图像数据组织方式为：图像头数据-调色板数据-图像数据。
     10          
     11          “4096色/16位真彩色/18位真彩色/24位真彩色/32位真彩色”的图像数据头如下：
     12          
     13          typedef struct _HEADCOLOR
     14          {
     15             unsigned char scan;
     16             unsigned char gray;
     17             unsigned short w;
     18             unsigned short h;
     19             unsigned char is565;
     20             unsigned char rgb;
     21          }HEADCOLOR; 
     22          
     23          scan: 扫描模式 
     24          
     25          Bit7: 0:自左至右扫描，1:自右至左扫描。 
     26          Bit6: 0:自顶至底扫描，1:自底至顶扫描。 
     27          Bit5: 0:字节内象素数据从高位到低位排列，1:字节内象素数据从低位到高位排列。 
     28          Bit4: 0:WORD类型高低位字节顺序与PC相同，1:WORD类型高低位字节顺序与PC相反。 
     29          Bit3~2: 保留。 
     30          Bit1~0: [00]水平扫描，[01]垂直扫描，[10]数据水平,字节垂直，[11]数据垂直,字节水平。 
     31          gray: 灰度值 
     32             灰度值，1:单色，2:四灰，4:十六灰，8:256色，12:4096色，16:16位彩色，24:24位彩色，32:32位彩色。
     33          
     34          
     35          w: 图像的宽度。
     36          
     37          h: 图像的高度。
     38          
     39          is565: 在4096色模式下为0表示使用[16bits(WORD)]格式，此时图像数据中每个WORD表示一个象素；为1表示使用[12bits(连续字节流)]格式，此时连续排列的每12Bits代表一个象素。
     40          在16位彩色模式下为0表示R G B颜色分量所占用的位数都为5Bits，为1表示R G B颜色分量所占用的位数分别为5Bits,6Bits,5Bits。
     41          在18位彩色模式下为0表示"6Bits in Low Byte"，为1表示"6Bits in High Byte"。
     42          在24位彩色和32位彩色模式下is565无效。
     43          
     44          rgb: 描述R G B颜色分量的排列顺序，rgb中每2Bits表示一种颜色分量，[00]表示空白，[01]表示Red，[10]表示Green，[11]表示Blue。
     45          
     46          “256色”的调色板数据结构如下：
     47          
     48          typedef struct _PALENTRY
     49          {
     50             unsigned char red;
     51             unsigned char green;
     52             unsigned char blue;
     53          }PALENTRY;
     54          
     55          typedef struct _PALETTE
     56          {
     57             unsigned short palnum;
     58             PALENTRY palentry[palnum];
     59          }PALETTE;
     60          
     61          
     62          仅在256色模式下存在调色板数据结构,调色板数据结构紧跟在数据结构HEADGRAY之后。
     63          */
     64          #include "ST_ICON.h"
     65          

   \                                 In section .rodata, align 4, keep-with-next
     66          const unsigned char gImage_ST_ICON[262] = { 0X00,0X01,0X3B,0X00,0X20,0X00,
   \                     gImage_ST_ICON:
   \   00000000   0x00 0x01          DC8 0, 1, 59, 0, 32, 0, 0, 3, 255, 255, 255, 255, 255, 224, 0, 3, 255
   \              0x3B 0x00    
   \              0x20 0x00    
   \              0x00 0x03    
   \              0xFF 0xFF    
   \              0xFF 0xFF    
   \              0xFF 0xE0    
   \              0x00 0x03    
   \              0xFF         
   \   00000011   0xFF 0xFF          DC8 255, 255, 255, 255, 192, 0, 7, 255, 255, 255, 255, 255, 192, 0, 7
   \              0xFF 0xFF    
   \              0xC0 0x00    
   \              0x07 0xFF    
   \              0xFF 0xFF    
   \              0xFF 0xFF    
   \              0xC0 0x00    
   \              0x07         
   \   00000020   0xFF 0xFF          DC8 255, 255, 255, 255, 255, 128, 0, 15, 0, 0, 0, 0, 0, 0, 0, 14, 0, 0
   \              0xFF 0xFF    
   \              0xFF 0x80    
   \              0x00 0x0F    
   \              0x00 0x00    
   \              0x00 0x00    
   \              0x00 0x00    
   \              0x00 0x0E    
   \              0x00 0x00    
   \   00000032   0x00 0x00          DC8 0, 0, 0, 0, 0, 28, 0, 0, 0, 0, 0, 0, 0, 24, 0, 0, 0, 0, 0, 0, 0, 48
   \              0x00 0x00    
   \              0x00 0x1C    
   \              0x00 0x00    
   \              0x00 0x00    
   \              0x00 0x00    
   \              0x00 0x18    
   \              0x00 0x00    
   \              0x00 0x00    
   \              0x00 0x00    
   \              0x00 0x30    
   \   00000048   0x1F 0xFF          DC8 31, 255, 255, 3, 254, 0, 0, 48, 63, 255, 255, 3, 254, 0, 0, 112, 63
   \              0xFF 0x03    
   \              0xFE 0x00    
   \              0x00 0x30    
   \              0x3F 0xFF    
   \              0xFF 0x03    
   \              0xFE 0x00    
   \              0x00 0x70    
   \              0x3F         
   \   00000059   0xFF 0xFE          DC8 255, 254, 7, 252, 0, 0, 112, 63, 255, 254, 7, 252, 0, 0, 248, 31
   \              0x07 0xFC    
   \              0x00 0x00    
   \              0x70 0x3F    
   \              0xFF 0xFE    
   \              0x07 0xFC    
   \              0x00 0x00    
   \              0xF8 0x1F    
   \   00000069   0xFF 0xFC          DC8 255, 252, 15, 248, 0, 0, 248, 15, 255, 252, 15, 248, 0, 1, 252, 7
   \              0x0F 0xF8    
   \              0x00 0x00    
   \              0xF8 0x0F    
   \              0xFF 0xFC    
   \              0x0F 0xF8    
   \              0x00 0x01    
   \              0xFC 0x07    
   \   00000079   0xFF 0xF8          DC8 255, 248, 31, 240, 0, 1, 254, 3, 255, 248, 31, 240, 0, 3, 255, 1
   \              0x1F 0xF0    
   \              0x00 0x01    
   \              0xFE 0x03    
   \              0xFF 0xF8    
   \              0x1F 0xF0    
   \              0x00 0x03    
   \              0xFF 0x01    
   \   00000089   0xFF 0xF0          DC8 255, 240, 63, 224, 0, 3, 255, 128, 255, 240, 63, 224, 0, 7, 255
   \              0x3F 0xE0    
   \              0x00 0x03    
   \              0xFF 0x80    
   \              0xFF 0xF0    
   \              0x3F 0xE0    
   \              0x00 0x07    
   \              0xFF         
   \   00000098   0xC0 0x7F          DC8 192, 127, 224, 127, 192, 0, 7, 255, 224, 63, 224, 127, 192, 0, 15
   \              0xE0 0x7F    
   \              0xC0 0x00    
   \              0x07 0xFF    
   \              0xE0 0x3F    
   \              0xE0 0x7F    
   \              0xC0 0x00    
   \              0x0F         
   \   000000A7   0xFF 0xF0          DC8 255, 240, 31, 192, 255, 128, 0, 15, 255, 248, 15, 192, 255, 128, 0
   \              0x1F 0xC0    
   \              0xFF 0x80    
   \              0x00 0x0F    
   \              0xFF 0xF8    
   \              0x0F 0xC0    
   \              0xFF 0x80    
   \              0x00         
   \   000000B6   0x1F 0xFF          DC8 31, 255, 252, 15, 129, 255, 0, 0, 31, 255, 254, 15, 129, 255, 0, 0
   \              0xFC 0x0F    
   \              0x81 0xFF    
   \              0x00 0x00    
   \              0x1F 0xFF    
   \              0xFE 0x0F    
   \              0x81 0xFF    
   \              0x00 0x00    
   \   000000C6   0x3F 0xFF          DC8 63, 255, 254, 15, 3, 254, 0, 0, 63, 255, 254, 15, 3, 254, 0, 0, 127
   \              0xFE 0x0F    
   \              0x03 0xFE    
   \              0x00 0x00    
   \              0x3F 0xFF    
   \              0xFE 0x0F    
   \              0x03 0xFE    
   \              0x00 0x00    
   \              0x7F         
   \   000000D7   0xFF 0xFC          DC8 255, 252, 14, 7, 252, 0, 0, 0, 0, 0, 30, 7, 252, 0, 0, 0, 0, 0, 28
   \              0x0E 0x07    
   \              0xFC 0x00    
   \              0x00 0x00    
   \              0x00 0x00    
   \              0x1E 0x07    
   \              0xFC 0x00    
   \              0x00 0x00    
   \              0x00 0x00    
   \              0x1C         
   \   000000EA   0x0F 0xF8          DC8 15, 248, 0, 0, 0, 0, 0, 60, 15, 248, 0, 0, 0, 0, 0, 120, 31, 240, 0
   \              0x00 0x00    
   \              0x00 0x00    
   \              0x00 0x3C    
   \              0x0F 0xF8    
   \              0x00 0x00    
   \              0x00 0x00    
   \              0x00 0x78    
   \              0x1F 0xF0    
   \              0x00         
   \   000000FD   0x00 0xFF          DC8 0, 255, 255, 255, 255, 255, 240, 0, 0, 0, 0
   \              0xFF 0xFF    
   \              0xFF 0xFF    
   \              0xF0 0x00    
   \              0x00 0x00    
   \              0x00         
     67          0X00,0X03,0XFF,0XFF,0XFF,0XFF,0XFF,0XE0,0X00,0X03,0XFF,0XFF,0XFF,0XFF,0XFF,0XC0,
     68          0X00,0X07,0XFF,0XFF,0XFF,0XFF,0XFF,0XC0,0X00,0X07,0XFF,0XFF,0XFF,0XFF,0XFF,0X80,
     69          0X00,0X0F,0X00,0X00,0X00,0X00,0X00,0X00,0X00,0X0E,0X00,0X00,0X00,0X00,0X00,0X00,
     70          0X00,0X1C,0X00,0X00,0X00,0X00,0X00,0X00,0X00,0X18,0X00,0X00,0X00,0X00,0X00,0X00,
     71          0X00,0X30,0X1F,0XFF,0XFF,0X03,0XFE,0X00,0X00,0X30,0X3F,0XFF,0XFF,0X03,0XFE,0X00,
     72          0X00,0X70,0X3F,0XFF,0XFE,0X07,0XFC,0X00,0X00,0X70,0X3F,0XFF,0XFE,0X07,0XFC,0X00,
     73          0X00,0XF8,0X1F,0XFF,0XFC,0X0F,0XF8,0X00,0X00,0XF8,0X0F,0XFF,0XFC,0X0F,0XF8,0X00,
     74          0X01,0XFC,0X07,0XFF,0XF8,0X1F,0XF0,0X00,0X01,0XFE,0X03,0XFF,0XF8,0X1F,0XF0,0X00,
     75          0X03,0XFF,0X01,0XFF,0XF0,0X3F,0XE0,0X00,0X03,0XFF,0X80,0XFF,0XF0,0X3F,0XE0,0X00,
     76          0X07,0XFF,0XC0,0X7F,0XE0,0X7F,0XC0,0X00,0X07,0XFF,0XE0,0X3F,0XE0,0X7F,0XC0,0X00,
     77          0X0F,0XFF,0XF0,0X1F,0XC0,0XFF,0X80,0X00,0X0F,0XFF,0XF8,0X0F,0XC0,0XFF,0X80,0X00,
     78          0X1F,0XFF,0XFC,0X0F,0X81,0XFF,0X00,0X00,0X1F,0XFF,0XFE,0X0F,0X81,0XFF,0X00,0X00,
     79          0X3F,0XFF,0XFE,0X0F,0X03,0XFE,0X00,0X00,0X3F,0XFF,0XFE,0X0F,0X03,0XFE,0X00,0X00,
     80          0X7F,0XFF,0XFC,0X0E,0X07,0XFC,0X00,0X00,0X00,0X00,0X00,0X1E,0X07,0XFC,0X00,0X00,
     81          0X00,0X00,0X00,0X1C,0X0F,0XF8,0X00,0X00,0X00,0X00,0X00,0X3C,0X0F,0XF8,0X00,0X00,
     82          0X00,0X00,0X00,0X78,0X1F,0XF0,0X00,0X00,0XFF,0XFF,0XFF,0XFF,0XFF,0XF0,0X00,0X00,
     83          };
     84          /*
     85                         *********************************************
     86                         ******************************************** 
     87                        ********************************************* 
     88                        ********************************************  
     89                       ****                                           
     90                       ***                                            
     91                      ***                                             
     92                      **                                              
     93                     **       *********************      *********    
     94                     **      **********************      *********    
     95                    ***      *********************      *********     
     96                    ***      *********************      *********     
     97                   *****      *******************      *********      
     98                   *****       ******************      *********      
     99                  *******       ****************      *********       
    100                  ********       ***************      *********       
    101                 **********       *************      *********        
    102                 ***********       ************      *********        
    103                *************       **********      *********         
    104                **************       *********      *********         
    105               ****************       *******      *********          
    106               *****************       ******      *********          
    107              *******************      *****      *********           
    108              ********************     *****      *********           
    109             *********************     ****      *********            
    110             *********************     ****      *********            
    111            *********************      ***      *********             
    112                                      ****      *********             
    113                                      ***      *********              
    114                                     ****      *********              
    115                                    ****      *********               
    116           ******************************************** 
    117          */
    118          
    119          /*******************  (C) COPYRIGHT 2013 www.armjishu.com  *****END OF FILE****/


   Section sizes:

   Bytes  Function/Label
   -----  --------------
     264  gImage_ST_ICON

 
 264 bytes in section .rodata
 
 264 bytes of CONST memory

Errors: none
Warnings: none
